[05:31:13] [main/INFO] (FabricLoader/GameProvider) Loading Minecraft 1.18.1 with Fabric Loader 0.13.1
[05:31:14] [main/INFO] (FabricLoader) Loading 52 mods:
	- fabric 0.46.4+1.18
	- fabric-api-base 0.4.2+d7c144a865
	- fabric-api-lookup-api-v1 1.5.3+d7c144a865
	- fabric-biome-api-v1 6.0.2+d7c144a865
	- fabric-blockrenderlayer-v1 1.1.10+3ac43d9565
	- fabric-command-api-v1 1.1.7+d7c144a865
	- fabric-commands-v0 0.2.6+b4f4f6cd65
	- fabric-containers-v0 0.1.19+d7c144a865
	- fabric-content-registries-v0 0.4.8+d7c144a865
	- fabric-crash-report-info-v1 0.1.9+3ac43d9565
	- fabric-data-generation-api-v1 1.1.4+d7c144a865
	- fabric-dimensions-v1 2.1.10+a1d9bbf565
	- fabric-entity-events-v1 1.4.6+d7c144a865
	- fabric-events-interaction-v0 0.4.17+d7c144a865
	- fabric-events-lifecycle-v0 0.2.9+d7c144a865
	- fabric-game-rule-api-v1 1.0.11+d7c144a865
	- fabric-gametest-api-v1 1.0.10+713c266865
	- fabric-item-api-v1 1.3.1+691a79b565
	- fabric-item-groups-v0 0.3.6+3ac43d9565
	- fabric-key-binding-api-v1 1.0.9+d7c144a865
	- fabric-keybindings-v0 0.2.7+b4f4f6cd65
	- fabric-lifecycle-events-v1 1.4.13+713c266865
	- fabric-loot-tables-v1 1.0.9+d7c144a865
	- fabric-mining-level-api-v1 1.0.6+d7c144a865
	- fabric-mining-levels-v0 0.1.11+b4f4f6cd65
	- fabric-models-v0 0.3.4+d7c144a865
	- fabric-networking-api-v1 1.0.19+d7c144a865
	- fabric-networking-v0 0.3.6+b4f4f6cd65
	- fabric-object-builder-api-v1 1.11.4+d7c144a865
	- fabric-object-builders-v0 0.7.12+d7c144a865
	- fabric-particles-v1 0.2.10+526dc1ac65
	- fabric-registry-sync-v0 0.9.2+ad01bfbd65
	- fabric-renderer-api-v1 0.4.11+b0b66fc365
	- fabric-renderer-indigo 0.4.15+6825030165
	- fabric-renderer-registries-v1 3.2.10+b4f4f6cd65
	- fabric-rendering-data-attachment-v1 0.3.5+d7c144a865
	- fabric-rendering-fluids-v1 0.1.19+3ac43d9565
	- fabric-rendering-v0 1.1.12+b4f4f6cd65
	- fabric-rendering-v1 1.10.6+713c266865
	- fabric-resource-conditions-api-v1 1.0.2+d7c144a865
	- fabric-resource-loader-v0 0.4.14+713c266865
	- fabric-screen-api-v1 1.0.8+d7c144a865
	- fabric-screen-handler-api-v1 1.1.12+d7c144a865
	- fabric-structure-api-v1 2.1.3+d7c144a865
	- fabric-tag-extensions-v0 1.2.8+d7c144a865
	- fabric-textures-v0 1.0.10+3ac43d9565
	- fabric-tool-attribute-api-v1 1.3.8+fb3b57b465
	- fabric-transfer-api-v1 1.5.9+d7c144a865
	- fabricloader 0.13.1
	- java 17
	- minecraft 1.18.1
	- nodami 1.18.1-0.1-fabric
[05:31:14] [main/INFO] (FabricLoader/Mixin) SpongePowered MIXIN Subsystem Version=0.8.5 Source=file:/home/desempregago/.gradle/caches/modules-2/files-2.1/net.fabricmc/sponge-mixin/0.11.1+mixin.0.8.5/151fc9ec23e9507c128bb33e761d88432ec89c7f/sponge-mixin-0.11.1+mixin.0.8.5.jar Service=Knot/Fabric Env=CLIENT
[05:31:14] [main/INFO] (FabricLoader/Mixin) Loaded Fabric development mappings for mixin remapper!
[05:31:14] [main/INFO] (FabricLoader/Mixin) Compatibility level set to JAVA_16
[05:31:20] [main/WARN] (FabricLoader/Mixin) @Inject(@At("INVOKE")) Shift.BY=3 on fabric-lifecycle-events-v1.mixins.json:client.WorldChunkMixin::handler$zea000$onLoadBlockEntity exceeds the maximum allowed value: 0. Increase the value of maxShiftBy to suppress this warning.
[05:31:22] [Render thread/INFO] (Minecraft) Environment: authHost='https://authserver.mojang.com', accountsHost='https://api.mojang.com', sessionHost='https://sessionserver.mojang.com', servicesHost='https://api.minecraftservices.com', name='PROD'
[05:31:23] [Render thread/ERROR] (Minecraft) Failed to verify authentication
com.mojang.authlib.exceptions.InvalidCredentialsException: Status: 401
	at com.mojang.authlib.exceptions.MinecraftClientHttpException.toAuthenticationException(MinecraftClientHttpException.java:56) ~[authlib-3.2.38.jar:?]
	at com.mojang.authlib.yggdrasil.YggdrasilUserApiService.fetchProperties(YggdrasilUserApiService.java:132) ~[authlib-3.2.38.jar:?]
	at com.mojang.authlib.yggdrasil.YggdrasilUserApiService.<init>(YggdrasilUserApiService.java:44) ~[authlib-3.2.38.jar:?]
	at com.mojang.authlib.yggdrasil.YggdrasilAuthenticationService.createUserApiService(YggdrasilAuthenticationService.java:153) ~[authlib-3.2.38.jar:?]
	at net.minecraft.client.MinecraftClient.createUserApiService(MinecraftClient.java:670) [minecraft-project-@-merged-named.jar:?]
	at net.minecraft.client.MinecraftClient.<init>(MinecraftClient.java:424) [minecraft-project-@-merged-named.jar:?]
	at net.minecraft.client.main.Main.main(Main.java:199) [minecraft-project-@-merged-named.jar:?]
	at jdk.internal.reflect.NativeMethodAccessorImpl.invoke0(Native Method) ~[?:?]
	at jdk.internal.reflect.NativeMethodAccessorImpl.invoke(NativeMethodAccessorImpl.java:77) ~[?:?]
	at jdk.internal.reflect.DelegatingMethodAccessorImpl.invoke(DelegatingMethodAccessorImpl.java:43) ~[?:?]
	at java.lang.reflect.Method.invoke(Method.java:568) ~[?:?]
	at net.fabricmc.loader.impl.game.minecraft.MinecraftGameProvider.launch(MinecraftGameProvider.java:416) [fabric-loader-0.13.1.jar:?]
	at net.fabricmc.loader.impl.launch.knot.Knot.launch(Knot.java:77) [fabric-loader-0.13.1.jar:?]
	at net.fabricmc.loader.impl.launch.knot.KnotClient.main(KnotClient.java:23) [fabric-loader-0.13.1.jar:?]
	at net.fabricmc.devlaunchinjector.Main.main(Main.java:86) [dev-launch-injector-0.2.1+build.8.jar:?]
Caused by: com.mojang.authlib.exceptions.MinecraftClientHttpException: Status: 401
	at com.mojang.authlib.minecraft.client.MinecraftClient.readInputStream(MinecraftClient.java:78) ~[authlib-3.2.38.jar:?]
	at com.mojang.authlib.minecraft.client.MinecraftClient.get(MinecraftClient.java:48) ~[authlib-3.2.38.jar:?]
	at com.mojang.authlib.yggdrasil.YggdrasilUserApiService.fetchProperties(YggdrasilUserApiService.java:113) ~[authlib-3.2.38.jar:?]
	... 13 more
[05:31:23] [Render thread/INFO] (Minecraft) Setting user: Player355
[05:31:24] [Render thread/INFO] (Minecraft) [STDOUT]: NoDamI v0.1 for Fabric 1.18.1 is starting.
[05:31:24] [Render thread/INFO] (Minecraft) [STDOUT]: NoDamI: Found existing config file. Reading...
[05:31:24] [Render thread/INFO] (Minecraft) [STDOUT]: NoDamI: Done reading config files. Here are the loaded settings:
[05:31:24] [Render thread/INFO] (Minecraft) [STDOUT]: 
attackCancelThreshold: 0.1
attackExcludedEntities: ['minecraft:slime', 'tconstruct:blueslime', 'thaumcraft:thaumslime']
damageSrcWhitelist: [inFire, lava, cactus, lightningBolt, inWall, hotFloor]
debugMode: false
dmgReceiveExcludedEntities: []
excludeAllMobs: false
excludePlayers: false
iFrameInterval: 0
knockbackCancelThreshold: 0.75

[05:31:24] [Render thread/INFO] (Minecraft) [STDOUT]: NoDamI: Loading completed. This mod is powered by Fabric and SnakeYAML
[05:31:24] [Render thread/INFO] (Indigo) [Indigo] Registering Indigo renderer!
[05:31:24] [Render thread/INFO] (Minecraft) Backend library: LWJGL version 3.2.2 build 10
[05:31:27] [Render thread/WARN] (Minecraft) ERROR : Couldn't load Narrator library : Unable to load library 'fliteWrapper':
libflite.so.1: não é possível abrir arquivo compartilhado: Arquivo ou diretório inexistente
libflite.so.1: não é possível abrir arquivo compartilhado: Arquivo ou diretório inexistente
Native library (linux-x86-64/libfliteWrapper.so) not found in resource path (/home/desempregago/Downloads/NoDamI/build/classes/java/main:/home/desempregago/Downloads/NoDamI/build/resources/main:/home/desempregago/.gradle/caches/modules-2/files-2.1/org.yaml/snakeyaml/1.30/8fde7fe2586328ac3c68db92045e1c8759125000/snakeyaml-1.30.jar:/home/desempregago/.gradle/caches/modules-2/files-2.1/net.fabricmc/tiny-mappings-parser/0.3.0+build.17/2f10540a290e382a7cd35c16ec3900046a4e252/tiny-mappings-parser-0.3.0+build.17.jar:/home/desempregago/.gradle/caches/modules-2/files-2.1/net.fabricmc/sponge-mixin/0.11.1+mixin.0.8.5/151fc9ec23e9507c128bb33e761d88432ec89c7f/sponge-mixin-0.11.1+mixin.0.8.5.jar:/home/desempregago/.gradle/caches/modules-2/files-2.1/net.fabricmc/tiny-remapper/0.8.1/d220c092cd1446d5f2668b53e71abe23a12cb8cf/tiny-remapper-0.8.1.jar:/home/desempregago/.gradle/caches/modules-2/files-2.1/net.fabricmc/access-widener/2.1.0/f62a27adbfd8ab4d4fa5681793039f2c0b177155/access-widener-2.1.0.jar:/home/desempregago/.gradle/caches/modules-2/files-2.1/org.ow2.asm/asm/9.2/81a03f76019c67362299c40e0ba13405f5467bff/asm-9.2.jar:/home/desempregago/.gradle/caches/modules-2/files-2.1/org.ow2.asm/asm-analysis/9.2/7487dd756daf96cab9986e44b9d7bcb796a61c10/asm-analysis-9.2.jar:/home/desempregago/.gradle/caches/modules-2/files-2.1/org.ow2.asm/asm-commons/9.2/f4d7f0fc9054386f2893b602454d48e07d4fbead/asm-commons-9.2.jar:/home/desempregago/.gradle/caches/modules-2/files-2.1/org.ow2.asm/asm-tree/9.2/d96c99a30f5e1a19b0e609dbb19a44d8518ac01e/asm-tree-9.2.jar:/home/desempregago/.gradle/caches/modules-2/files-2.1/org.ow2.asm/asm-util/9.2/fbc178fc5ba3dab50fd7e8a5317b8b647c8e8946/asm-util-9.2.jar:/home/desempregago/.gradle/caches/modules-2/files-2.1/com.mojang/blocklist/1.0.6/7039c2c6209064ee4132cea7a0737b63b92c725e/blocklist-1.0.6.jar:/home/desempregago/.gradle/caches/modules-2/files-2.1/com.mojang/patchy/2.1.6/ce112c16c6275fdfff2d30208533ec906a191f71/patchy-2.1.6.jar:/home/desempregago/.gradle/caches/modules-2/files-2.1/com.ibm.icu/icu4j/69.1/ff666ac55986650893aacb9e2e0003538e9799c0/icu4j-69.1.jar:/home/desempregago/.gradle/caches/modules-2/files-2.1/org.apache.httpcomponents/httpclient/4.5.13/e5f6cae5ca7ecaac1ec2827a9e2d65ae2869cada/httpclient-4.5.13.jar:/home/desempregago/.gradle/caches/modules-2/files-2.1/commons-codec/commons-codec/1.15/49d94806b6e3dc933dacbd8acb0fdbab8ebd1e5d/commons-codec-1.15.jar:/home/desempregago/.gradle/caches/modules-2/files-2.1/org.apache.commons/commons-compress/1.21/4ec95b60d4e86b5c95a0e919cb172a0af98011ef/commons-compress-1.21.jar:/home/desempregago/.gradle/caches/modules-2/files-2.1/commons-logging/commons-logging/1.2/4bfc12adfe4842bf07b657f0369c4cb522955686/commons-logging-1.2.jar:/home/desempregago/.gradle/caches/modules-2/files-2.1/org.apache.httpcomponents/httpcore/4.4.14/9dd1a631c082d92ecd4bd8fd4cf55026c720a8c1/httpcore-4.4.14.jar:/home/desempregago/.gradle/caches/modules-2/files-2.1/org.lwjgl/lwjgl-jemalloc/3.2.2/ee8e57a79300f78294576d87c4a587f8c99402e2/lwjgl-jemalloc-3.2.2.jar:/home/desempregago/.gradle/caches/modules-2/files-2.1/org.lwjgl/lwjgl-openal/3.2.2/2b772a102b0a11ee5f2109a5b136f4dc7c630827/lwjgl-openal-3.2.2.jar:/home/desempregago/.gradle/caches/modules-2/files-2.1/org.lwjgl/lwjgl-opengl/3.2.2/6ac5bb88b44c43ea195a570aab059f63da004cd8/lwjgl-opengl-3.2.2.jar:/home/desempregago/.gradle/caches/modules-2/files-2.1/org.lwjgl/lwjgl-glfw/3.2.2/d3ad4df38e400b8afba1de63f84338809399df5b/lwjgl-glfw-3.2.2.jar:/home/desempregago/.gradle/caches/modules-2/files-2.1/org.lwjgl/lwjgl-stb/3.2.2/3b8e6ebc5851dd3d17e37e5cadce2eff2a429f0f/lwjgl-stb-3.2.2.jar:/home/desempregago/.gradle/caches/modules-2/files-2.1/org.lwjgl/lwjgl-tinyfd/3.2.2/fcbe606c8f8da6f8f9a05e2c540eb1ee8632b0e9/lwjgl-tinyfd-3.2.2.jar:/home/desempregago/.gradle/caches/modules-2/files-2.1/org.lwjgl/lwjgl/3.2.2/8ad6294407e15780b43e84929c40e4c5e997972e/lwjgl-3.2.2.jar:/home/desempregago/.gradle/caches/modules-2/files-2.1/com.mojang/text2speech/1.11.3/f378f889797edd7df8d32272c06ca80a1b6b0f58/text2speech-1.11.3.jar:/home/desempregago/.gradle/caches/modules-2/files-2.1/ca.weblite/java-objc-bridge/1.0.0/6ef160c3133a78de015830860197602ca1c855d3/java-objc-bridge-1.0.0.jar:/home/desempregago/Downloads/NoDamI/.gradle/loom-cache/1.18.1/net.fabricmc.yarn.1_18_1.1.18.1+build.22-v2/minecraft-project-@-merged-named.jar:/home/desempregago/.gradle/caches/modules-2/files-2.1/com.github.oshi/oshi-core/5.8.2/3a4c610d5991654009653e55b3204065441e2f0d/oshi-core-5.8.2.jar:/home/desempregago/.gradle/caches/modules-2/files-2.1/net.java.dev.jna/jna-platform/5.9.0/c535a5bda553d7d7690356c825010da74b2671b5/jna-platform-5.9.0.jar:/home/desempregago/.gradle/caches/modules-2/files-2.1/net.java.dev.jna/jna/5.9.0/8f503e6d9b500ceff299052d6be75b38c7257758/jna-5.9.0.jar:/home/desempregago/.gradle/caches/modules-2/files-2.1/org.apache.logging.log4j/log4j-slf4j18-impl/2.14.1/312b4d91b21160b9fab43600fa787f31e8cab930/log4j-slf4j18-impl-2.14.1.jar:/home/desempregago/.gradle/caches/modules-2/files-2.1/org.slf4j/slf4j-api/1.8.0-beta4/83b0359d847ee053d745be7ec0d8e9e8a44304b4/slf4j-api-1.8.0-beta4.jar:/home/desempregago/.gradle/caches/modules-2/files-2.1/com.mojang/javabridge/1.2.24/c876796229b2ef5120f186eab5acc870699d3b9/javabridge-1.2.24.jar:/home/desempregago/.gradle/caches/modules-2/files-2.1/net.sf.jopt-simple/jopt-simple/5.0.4/4fdac2fbe92dfad86aa6e9301736f6b4342a3f5c/jopt-simple-5.0.4.jar:/home/desempregago/.gradle/caches/modules-2/files-2.1/io.netty/netty-all/4.1.68.Final/b8266a3c93c1c051109f71d3449e5dcd5d60b333/netty-all-4.1.68.Final.jar:/home/desempregago/.gradle/caches/modules-2/files-2.1/com.mojang/datafixerupper/4.0.26/ebd6690f33871ccee9b6132c6480668ee2e35020/datafixerupper-4.0.26.jar:/home/desempregago/.gradle/caches/modules-2/files-2.1/com.google.guava/guava/31.0.1-jre/119ea2b2bc205b138974d351777b20f02b92704b/guava-31.0.1-jre.jar:/home/desempregago/.gradle/caches/modules-2/files-2.1/com.google.guava/failureaccess/1.0.1/1dcf1de382a0bf95a3d8b0849546c88bac1292c9/failureaccess-1.0.1.jar:/home/desempregago/.gradle/caches/modules-2/files-2.1/org.apache.commons/commons-lang3/3.12.0/c6842c86792ff03b9f1d1fe2aab8dc23aa6c6f0e/commons-lang3-3.12.0.jar:/home/desempregago/.gradle/caches/modules-2/files-2.1/commons-io/commons-io/2.11.0/a2503f302b11ebde7ebc3df41daebe0e4eea3689/commons-io-2.11.0.jar:/home/desempregago/.gradle/caches/modules-2/files-2.1/com.mojang/brigadier/1.0.18/c1ef1234282716483c92183f49bef47b1a89bfa9/brigadier-1.0.18.jar:/home/desempregago/.gradle/caches/modules-2/files-2.1/com.google.code.gson/gson/2.8.8/431fc3cbc0ff81abdbfde070062741089c3ba874/gson-2.8.8.jar:/home/desempregago/.gradle/caches/modules-2/files-2.1/com.mojang/authlib/3.2.38/7bba19e34be22fded9ceb409ca1e8fb7525daf55/authlib-3.2.38.jar:/home/desempregago/.gradle/caches/modules-2/files-2.1/it.unimi.dsi/fastutil/8.5.6/76f95700418a68fbc4ac050525261f05dc681ca1/fastutil-8.5.6.jar:/home/desempregago/.gradle/caches/modules-2/files-2.1/org.apache.logging.log4j/log4j-core/2.14.1/9141212b8507ab50a45525b545b39d224614528b/log4j-core-2.14.1.jar:/home/desempregago/.gradle/caches/modules-2/files-2.1/org.apache.logging.log4j/log4j-api/2.14.1/cd8858fbbde69f46bce8db1152c18a43328aae78/log4j-api-2.14.1.jar:/home/desempregago/Downloads/NoDamI/.gradle/loom-cache/remapped_mods/net_fabricmc_yarn_1_18_1_1_18_1_build_22_v2/net/fabricmc/fabric-api/fabric-api/0.46.4+1.18/fabric-api-0.46.4+1.18.jar:/home/desempregago/Downloads/NoDamI/.gradle/loom-cache/remapped_mods/net_fabricmc_yarn_1_18_1_1_18_1_build_22_v2/net/fabricmc/fabric-api/fabric-transfer-api-v1/1.5.9+d7c144a865/fabric-transfer-api-v1-1.5.9+d7c144a865.jar:/home/desempregago/Downloads/NoDamI/.gradle/loom-cache/remapped_mods/net_fabricmc_yarn_1_18_1_1_18_1_build_22_v2/net/fabricmc/fabric-api/fabric-api-lookup-api-v1/1.5.3+d7c144a865/fabric-api-lookup-api-v1-1.5.3+d7c144a865.jar:/home/desempregago/Downloads/NoDamI/.gradle/loom-cache/remapped_mods/net_fabricmc_yarn_1_18_1_1_18_1_build_22_v2/net/fabricmc/fabric-api/fabric-blockrenderlayer-v1/1.1.10+3ac43d9565/fabric-blockrenderlayer-v1-1.1.10+3ac43d9565.jar:/home/desempregago/Downloads/NoDamI/.gradle/loom-cache/remapped_mods/net_fabricmc_yarn_1_18_1_1_18_1_build_22_v2/net/fabricmc/fabric-api/fabric-commands-v0/0.2.6+b4f4f6cd65/fabric-commands-v0-0.2.6+b4f4f6cd65.jar:/home/desempregago/Downloads/NoDamI/.gradle/loom-cache/remapped_mods/net_fabricmc_yarn_1_18_1_1_18_1_build_22_v2/net/fabricmc/fabric-api/fabric-command-api-v1/1.1.7+d7c144a865/fabric-command-api-v1-1.1.7+d7c144a865.jar:/home/desempregago/Downloads/NoDamI/.gradle/loom-cache/remapped_mods/net_fabricmc_yarn_1_18_1_1_18_1_build_22_v2/net/fabricmc/fabric-api/fabric-containers-v0/0.1.19+d7c144a865/fabric-containers-v0-0.1.19+d7c144a865.jar:/home/desempregago/Downloads/NoDamI/.gradle/loom-cache/remapped_mods/net_fabricmc_yarn_1_18_1_1_18_1_build_22_v2/net/fabricmc/fabric-api/fabric-content-registries-v0/0.4.8+d7c144a865/fabric-content-registries-v0-0.4.8+d7c144a865.jar:/home/desempregago/Downloads/NoDamI/.gradle/loom-cache/remapped_mods/net_fabricmc_yarn_1_18_1_1_18_1_build_22_v2/net/fabricmc/fabric-api/fabric-data-generation-api-v1/1.1.4+d7c144a865/fabric-data-generation-api-v1-1.1.4+d7c144a865.jar:/home/desempregago/Downloads/NoDamI/.gradle/loom-cache/remapped_mods/net_fabricmc_yarn_1_18_1_1_18_1_build_22_v2/net/fabricmc/fabric-api/fabric-dimensions-v1/2.1.10+a1d9bbf565/fabric-dimensions-v1-2.1.10+a1d9bbf565.jar:/home/desempregago/Downloads/NoDamI/.gradle/loom-cache/remapped_mods/net_fabricmc_yarn_1_18_1_1_18_1_build_22_v2/net/fabricmc/fabric-api/fabric-entity-events-v1/1.4.6+d7c144a865/fabric-entity-events-v1-1.4.6+d7c144a865.jar:/home/desempregago/Downloads/NoDamI/.gradle/loom-cache/remapped_mods/net_fabricmc_yarn_1_18_1_1_18_1_build_22_v2/net/fabricmc/fabric-api/fabric-events-interaction-v0/0.4.17+d7c144a865/fabric-events-interaction-v0-0.4.17+d7c144a865.jar:/home/desempregago/Downloads/NoDamI/.gradle/loom-cache/remapped_mods/net_fabricmc_yarn_1_18_1_1_18_1_build_22_v2/net/fabricmc/fabric-api/fabric-events-lifecycle-v0/0.2.9+d7c144a865/fabric-events-lifecycle-v0-0.2.9+d7c144a865.jar:/home/desempregago/Downloads/NoDamI/.gradle/loom-cache/remapped_mods/net_fabricmc_yarn_1_18_1_1_18_1_build_22_v2/net/fabricmc/fabric-api/fabric-gametest-api-v1/1.0.10+713c266865/fabric-gametest-api-v1-1.0.10+713c266865.jar:/home/desempregago/Downloads/NoDamI/.gradle/loom-cache/remapped_mods/net_fabricmc_yarn_1_18_1_1_18_1_build_22_v2/net/fabricmc/fabric-api/fabric-item-api-v1/1.3.1+691a79b565/fabric-item-api-v1-1.3.1+691a79b565.jar:/home/desempregago/Downloads/NoDamI/.gradle/loom-cache/remapped_mods/net_fabricmc_yarn_1_18_1_1_18_1_build_22_v2/net/fabricmc/fabric-api/fabric-item-groups-v0/0.3.6+3ac43d9565/fabric-item-groups-v0-0.3.6+3ac43d9565.jar:/home/desempregago/Downloads/NoDamI/.gradle/loom-cache/remapped_mods/net_fabricmc_yarn_1_18_1_1_18_1_build_22_v2/net/fabricmc/fabric-api/fabric-structure-api-v1/2.1.3+d7c144a865/fabric-structure-api-v1-2.1.3+d7c144a865.jar:/home/desempregago/Downloads/NoDamI/.gradle/loom-cache/remapped_mods/net_fabricmc_yarn_1_18_1_1_18_1_build_22_v2/net/fabricmc/fabric-api/fabric-lifecycle-events-v1/1.4.13+713c266865/fabric-lifecycle-events-v1-1.4.13+713c266865.jar:/home/desempregago/Downloads/NoDamI/.gradle/loom-cache/remapped_mods/net_fabricmc_yarn_1_18_1_1_18_1_build_22_v2/net/fabricmc/fabric-api/fabric-loot-tables-v1/1.0.9+d7c144a865/fabric-loot-tables-v1-1.0.9+d7c144a865.jar:/home/desempregago/Downloads/NoDamI/.gradle/loom-cache/remapped_mods/net_fabricmc_yarn_1_18_1_1_18_1_build_22_v2/net/fabricmc/fabric-api/fabric-mining-levels-v0/0.1.11+b4f4f6cd65/fabric-mining-levels-v0-0.1.11+b4f4f6cd65.jar:/home/desempregago/Downloads/NoDamI/.gradle/loom-cache/remapped_mods/net_fabricmc_yarn_1_18_1_1_18_1_build_22_v2/net/fabricmc/fabric-api/fabric-object-builders-v0/0.7.12+d7c144a865/fabric-object-builders-v0-0.7.12+d7c144a865.jar:/home/desempregago/Downloads/NoDamI/.gradle/loom-cache/remapped_mods/net_fabricmc_yarn_1_18_1_1_18_1_build_22_v2/net/fabricmc/fabric-api/fabric-object-builder-api-v1/1.11.4+d7c144a865/fabric-object-builder-api-v1-1.11.4+d7c144a865.jar:/home/desempregago/Downloads/NoDamI/.gradle/loom-cache/remapped_mods/net_fabricmc_yarn_1_18_1_1_18_1_build_22_v2/net/fabricmc/fabric-api/fabric-tool-attribute-api-v1/1.3.8+fb3b57b465/fabric-tool-attribute-api-v1-1.3.8+fb3b57b465.jar:/home/desempregago/Downloads/NoDamI/.gradle/loom-cache/remapped_mods/net_fabricmc_yarn_1_18_1_1_18_1_build_22_v2/net/fabricmc/fabric-api/fabric-mining-level-api-v1/1.0.6+d7c144a865/fabric-mining-level-api-v1-1.0.6+d7c144a865.jar:/home/desempregago/Downloads/NoDamI/.gradle/loom-cache/remapped_mods/net_fabricmc_yarn_1_18_1_1_18_1_build_22_v2/net/fabricmc/fabric-api/fabric-models-v0/0.3.4+d7c144a865/fabric-models-v0-0.3.4+d7c144a865.jar:/home/desempregago/Downloads/NoDamI/.gradle/loom-cache/remapped_mods/net_fabricmc_yarn_1_18_1_1_18_1_build_22_v2/net/fabricmc/fabric-api/fabric-networking-v0/0.3.6+b4f4f6cd65/fabric-networking-v0-0.3.6+b4f4f6cd65.jar:/home/desempregago/Downloads/NoDamI/.gradle/loom-cache/remapped_mods/net_fabricmc_yarn_1_18_1_1_18_1_build_22_v2/net/fabricmc/fabric-api/fabric-registry-sync-v0/0.9.2+ad01bfbd65/fabric-registry-sync-v0-0.9.2+ad01bfbd65.jar:/home/desempregago/Downloads/NoDamI/.gradle/loom-cache/remapped_mods/net_fabricmc_yarn_1_18_1_1_18_1_build_22_v2/net/fabricmc/fabric-api/fabric-screen-handler-api-v1/1.1.12+d7c144a865/fabric-screen-handler-api-v1-1.1.12+d7c144a865.jar:/home/desempregago/Downloads/NoDamI/.gradle/loom-cache/remapped_mods/net_fabricmc_yarn_1_18_1_1_18_1_build_22_v2/net/fabricmc/fabric-api/fabric-networking-api-v1/1.0.19+d7c144a865/fabric-networking-api-v1-1.0.19+d7c144a865.jar:/home/desempregago/Downloads/NoDamI/.gradle/loom-cache/remapped_mods/net_fabricmc_yarn_1_18_1_1_18_1_build_22_v2/net/fabricmc/fabric-api/fabric-particles-v1/0.2.10+526dc1ac65/fabric-particles-v1-0.2.10+526dc1ac65.jar:/home/desempregago/Downloads/NoDamI/.gradle/loom-cache/remapped_mods/net_fabricmc_yarn_1_18_1_1_18_1_build_22_v2/net/fabricmc/fabric-api/fabric-renderer-indigo/0.4.15+6825030165/fabric-renderer-indigo-0.4.15+6825030165.jar:/home/desempregago/Downloads/NoDamI/.gradle/loom-cache/remapped_mods/net_fabricmc_yarn_1_18_1_1_18_1_build_22_v2/net/fabricmc/fabric-api/fabric-renderer-api-v1/0.4.11+b0b66fc365/fabric-renderer-api-v1-0.4.11+b0b66fc365.jar:/home/desempregago/Downloads/NoDamI/.gradle/loom-cache/remapped_mods/net_fabricmc_yarn_1_18_1_1_18_1_build_22_v2/net/fabricmc/fabric-api/fabric-renderer-registries-v1/3.2.10+b4f4f6cd65/fabric-renderer-registries-v1-3.2.10+b4f4f6cd65.jar:/home/desempregago/Downloads/NoDamI/.gradle/loom-cache/remapped_mods/net_fabricmc_yarn_1_18_1_1_18_1_build_22_v2/net/fabricmc/fabric-api/fabric-rendering-data-attachment-v1/0.3.5+d7c144a865/fabric-rendering-data-attachment-v1-0.3.5+d7c144a865.jar:/home/desempregago/Downloads/NoDamI/.gradle/loom-cache/remapped_mods/net_fabricmc_yarn_1_18_1_1_18_1_build_22_v2/net/fabricmc/fabric-api/fabric-rendering-fluids-v1/0.1.19+3ac43d9565/fabric-rendering-fluids-v1-0.1.19+3ac43d9565.jar:/home/desempregago/Downloads/NoDamI/.gradle/loom-cache/remapped_mods/net_fabricmc_yarn_1_18_1_1_18_1_build_22_v2/net/fabricmc/fabric-api/fabric-rendering-v0/1.1.12+b4f4f6cd65/fabric-rendering-v0-1.1.12+b4f4f6cd65.jar:/home/desempregago/Downloads/NoDamI/.gradle/loom-cache/remapped_mods/net_fabricmc_yarn_1_18_1_1_18_1_build_22_v2/net/fabricmc/fabric-api/fabric-rendering-v1/1.10.6+713c266865/fabric-rendering-v1-1.10.6+713c266865.jar:/home/desempregago/Downloads/NoDamI/.gradle/loom-cache/remapped_mods/net_fabricmc_yarn_1_18_1_1_18_1_build_22_v2/net/fabricmc/fabric-api/fabric-screen-api-v1/1.0.8+d7c144a865/fabric-screen-api-v1-1.0.8+d7c144a865.jar:/home/desempregago/Downloads/NoDamI/.gradle/loom-cache/remapped_mods/net_fabricmc_yarn_1_18_1_1_18_1_build_22_v2/net/fabricmc/fabric-api/fabric-tag-extensions-v0/1.2.8+d7c144a865/fabric-tag-extensions-v0-1.2.8+d7c144a865.jar:/home/desempregago/Downloads/NoDamI/.gradle/loom-cache/remapped_mods/net_fabricmc_yarn_1_18_1_1_18_1_build_22_v2/net/fabricmc/fabric-api/fabric-textures-v0/1.0.10+3ac43d9565/fabric-textures-v0-1.0.10+3ac43d9565.jar:/home/desempregago/Downloads/NoDamI/.gradle/loom-cache/remapped_mods/net_fabricmc_yarn_1_18_1_1_18_1_build_22_v2/net/fabricmc/fabric-api/fabric-api-base/0.4.2+d7c144a865/fabric-api-base-0.4.2+d7c144a865.jar:/home/desempregago/Downloads/NoDamI/.gradle/loom-cache/remapped_mods/net_fabricmc_yarn_1_18_1_1_18_1_build_22_v2/net/fabricmc/fabric-api/fabric-biome-api-v1/6.0.2+d7c144a865/fabric-biome-api-v1-6.0.2+d7c144a865.jar:/home/desempregago/Downloads/NoDamI/.gradle/loom-cache/remapped_mods/net_fabricmc_yarn_1_18_1_1_18_1_build_22_v2/net/fabricmc/fabric-api/fabric-crash-report-info-v1/0.1.9+3ac43d9565/fabric-crash-report-info-v1-0.1.9+3ac43d9565.jar:/home/desempregago/Downloads/NoDamI/.gradle/loom-cache/remapped_mods/net_fabricmc_yarn_1_18_1_1_18_1_build_22_v2/net/fabricmc/fabric-api/fabric-game-rule-api-v1/1.0.11+d7c144a865/fabric-game-rule-api-v1-1.0.11+d7c144a865.jar:/home/desempregago/Downloads/NoDamI/.gradle/loom-cache/remapped_mods/net_fabricmc_yarn_1_18_1_1_18_1_build_22_v2/net/fabricmc/fabric-api/fabric-keybindings-v0/0.2.7+b4f4f6cd65/fabric-keybindings-v0-0.2.7+b4f4f6cd65.jar:/home/desempregago/Downloads/NoDamI/.gradle/loom-cache/remapped_mods/net_fabricmc_yarn_1_18_1_1_18_1_build_22_v2/net/fabricmc/fabric-api/fabric-key-binding-api-v1/1.0.9+d7c144a865/fabric-key-binding-api-v1-1.0.9+d7c144a865.jar:/home/desempregago/Downloads/NoDamI/.gradle/loom-cache/remapped_mods/net_fabricmc_yarn_1_18_1_1_18_1_build_22_v2/net/fabricmc/fabric-api/fabric-resource-conditions-api-v1/1.0.2+d7c144a865/fabric-resource-conditions-api-v1-1.0.2+d7c144a865.jar:/home/desempregago/Downloads/NoDamI/.gradle/loom-cache/remapped_mods/net_fabricmc_yarn_1_18_1_1_18_1_build_22_v2/net/fabricmc/fabric-api/fabric-resource-loader-v0/0.4.14+713c266865/fabric-resource-loader-v0-0.4.14+713c266865.jar:/home/desempregago/Downloads/NoDamI/.gradle/loom-cache/remapped_mods/net_fabricmc_yarn_1_18_1_1_18_1_build_22_v2/net/fabricmc/fabric-loader/0.13.1/fabric-loader-0.13.1.jar:/home/desempregago/.gradle/caches/modules-2/files-2.1/com.google.code.findbugs/jsr305/3.0.2/25ea2e8b0c338a877313bd4672d3fe056ea78f0d/jsr305-3.0.2.jar:/home/desempregago/.gradle/caches/modules-2/files-2.1/com.google.guava/listenablefuture/9999.0-empty-to-avoid-conflict-with-guava/b421526c5f297295adef1c886e5246c39d4ac629/listenablefuture-9999.0-empty-to-avoid-conflict-with-guava.jar:/home/desempregago/.gradle/caches/modules-2/files-2.1/org.checkerframework/checker-qual/3.12.0/d5692f0526415fcc6de94bb5bfbd3afd9dd3b3e5/checker-qual-3.12.0.jar:/home/desempregago/.gradle/caches/modules-2/files-2.1/com.google.errorprone/error_prone_annotations/2.7.1/458d9042f7aa6fa9a634df902b37f544e15aacac/error_prone_annotations-2.7.1.jar:/home/desempregago/.gradle/caches/modules-2/files-2.1/com.google.j2objc/j2objc-annotations/1.3/ba035118bc8bac37d7eff77700720999acd9986d/j2objc-annotations-1.3.jar:/home/desempregago/.gradle/caches/fabric-loom/1.18.1/net.fabricmc.yarn.1_18_1.1.18.1+build.22-v2/mappings.jar:/home/desempregago/.gradle/caches/modules-2/files-2.1/net.fabricmc/dev-launch-injector/0.2.1+build.8/da8bef7e6e2f952da707f282bdb46882a0fce5e3/dev-launch-injector-0.2.1+build.8.jar:/home/desempregago/.gradle/caches/modules-2/files-2.1/net.minecrell/terminalconsoleappender/1.2.0/96d02cd3b384ff015a8fef4223bcb4ccf1717c95/terminalconsoleappender-1.2.0.jar:/home/desempregago/.gradle/caches/modules-2/files-2.1/org.jline/jline-reader/3.12.1/4382ab1382c7b6f379377ed5f665dc2f6e1218bc/jline-reader-3.12.1.jar:/home/desempregago/.gradle/caches/modules-2/files-2.1/com.google.auto.service/auto-service/1.0-rc7/894e4af172edf98872bf87f5a90912f86f3e9158/auto-service-1.0-rc7.jar:/home/desempregago/.gradle/caches/modules-2/files-2.1/org.jline/jline-terminal/3.12.1/c777448314e050d980a6b697c140f3bfe9eb7416/jline-terminal-3.12.1.jar:/home/desempregago/.gradle/caches/modules-2/files-2.1/com.google.auto/auto-common/0.10/c8f153ebe04a17183480ab4016098055fb474364/auto-common-0.10.jar:/home/desempregago/.gradle/caches/modules-2/files-2.1/com.google.auto.service/auto-service-annotations/1.0-rc7/8849037b03b10cd3d71cce67f8b99aed183971cb/auto-service-annotations-1.0-rc7.jar)
[05:31:27] [Render thread/INFO] (Minecraft) Reloading ResourceManager: Default, Fabric Mods (Fabric Networking (v0), Fabric Tag Extensions (v0), Fabric Item API (v1), Fabric Loot Tables (v1), Fabric Rendering Data Attachment (v1), Fabric Command API (v1), Fabric Dimensions API (v1), Fabric Tool Attribute API (v1), Fabric BlockRenderLayer Registration (v1), Fabric Game Rule API (v1), Fabric Textures (v0), Fabric Object Builders (v0), Fabric API Lookup API (v1), Fabric Resource Conditions API (v1), Fabric Crash Report Info (v1), Fabric Structure API (v1), Fabric Commands (v0), Fabric Object Builder API (v1), Fabric Biome API (v1), Fabric Mining Level API (v1), Fabric Renderer API (v1), Fabric Renderer - Indigo, Fabric API, Fabric Key Bindings (v0), Fabric Events Lifecycle (v0), Fabric Lifecycle Events (v1), Fabric Resource Loader (v0), Fabric Entity Events (v1), Fabric Particles (v1), Fabric Screen Handler API (v1), Fabric Rendering Fluids (v1), Fabric Mining Levels (v0), Fabric Content Registries (v0), Fabric Registry Sync (v0), Fabric Containers (v0), Fabric API Base, Fabric Rendering (v0), Fabric Models (v0), Fabric Screen API (v1), Fabric Renderer Registries (v1), Fabric Rendering (v1), Fabric Item Groups (v0), No Damage Immunity (NoDamI), Fabric Game Test API (v1), Fabric Networking API (v1), Fabric Key Binding API (v1), Fabric Events Interaction (v0), Fabric Transfer API (v1), Fabric Data Generation API (v1), Fabric Loader)
[05:31:28] [Realms Notification Availability checker #1/INFO] (Minecraft) Could not authorize you against Realms server: Invalid session id
[05:31:32] [Render thread/ERROR] (Minecraft) Error starting SoundSystem. Turning off sounds & music
java.lang.IllegalStateException: Failed to open OpenAL device
	at net.minecraft.client.sound.SoundEngine.openDeviceOrFallback(SoundEngine.java:264) ~[minecraft-project-@-merged-named.jar:?]
	at net.minecraft.client.sound.SoundEngine.init(SoundEngine.java:151) ~[minecraft-project-@-merged-named.jar:?]
	at net.minecraft.client.sound.SoundSystem.start(SoundSystem.java:112) ~[minecraft-project-@-merged-named.jar:?]
	at net.minecraft.client.sound.SoundSystem.reloadSounds(SoundSystem.java:103) ~[minecraft-project-@-merged-named.jar:?]
	at net.minecraft.client.sound.SoundManager.apply(SoundManager.java:116) ~[minecraft-project-@-merged-named.jar:?]
	at net.minecraft.client.sound.SoundManager.apply(SoundManager.java:39) ~[minecraft-project-@-merged-named.jar:?]
	at net.minecraft.resource.SinglePreparationResourceReloader.method_18790(SinglePreparationResourceReloader.java:13) ~[minecraft-project-@-merged-named.jar:?]
	at java.util.concurrent.CompletableFuture$UniAccept.tryFire(CompletableFuture.java:718) ~[?:?]
	at java.util.concurrent.CompletableFuture$Completion.run(CompletableFuture.java:482) ~[?:?]
	at net.minecraft.resource.SimpleResourceReload.method_18365(SimpleResourceReload.java:71) ~[minecraft-project-@-merged-named.jar:?]
	at net.minecraft.util.thread.ThreadExecutor.execute(ThreadExecutor.java:101) ~[minecraft-project-@-merged-named.jar:?]
	at net.minecraft.resource.SimpleResourceReload.method_18367(SimpleResourceReload.java:70) ~[minecraft-project-@-merged-named.jar:?]
	at java.util.concurrent.CompletableFuture$UniCompletion.claim(CompletableFuture.java:572) ~[?:?]
	at java.util.concurrent.CompletableFuture$UniAccept.tryFire(CompletableFuture.java:714) ~[?:?]
	at java.util.concurrent.CompletableFuture.postComplete(CompletableFuture.java:510) ~[?:?]
	at java.util.concurrent.CompletableFuture.postFire(CompletableFuture.java:614) ~[?:?]
	at java.util.concurrent.CompletableFuture$UniAccept.tryFire(CompletableFuture.java:726) ~[?:?]
	at java.util.concurrent.CompletableFuture$Completion.run(CompletableFuture.java:482) ~[?:?]
	at com.mojang.blaze3d.systems.RenderSystem.replayQueue(RenderSystem.java:209) [minecraft-project-@-merged-named.jar:?]
	at com.mojang.blaze3d.systems.RenderSystem.flipFrame(RenderSystem.java:196) [minecraft-project-@-merged-named.jar:?]
	at net.minecraft.client.util.Window.swapBuffers(Window.java:310) [minecraft-project-@-merged-named.jar:?]
	at net.minecraft.client.MinecraftClient.render(MinecraftClient.java:1142) [minecraft-project-@-merged-named.jar:?]
	at net.minecraft.client.MinecraftClient.run(MinecraftClient.java:733) [minecraft-project-@-merged-named.jar:?]
	at net.minecraft.client.main.Main.main(Main.java:238) [minecraft-project-@-merged-named.jar:?]
	at jdk.internal.reflect.NativeMethodAccessorImpl.invoke0(Native Method) ~[?:?]
	at jdk.internal.reflect.NativeMethodAccessorImpl.invoke(NativeMethodAccessorImpl.java:77) ~[?:?]
	at jdk.internal.reflect.DelegatingMethodAccessorImpl.invoke(DelegatingMethodAccessorImpl.java:43) ~[?:?]
	at java.lang.reflect.Method.invoke(Method.java:568) ~[?:?]
	at net.fabricmc.loader.impl.game.minecraft.MinecraftGameProvider.launch(MinecraftGameProvider.java:416) [fabric-loader-0.13.1.jar:?]
	at net.fabricmc.loader.impl.launch.knot.Knot.launch(Knot.java:77) [fabric-loader-0.13.1.jar:?]
	at net.fabricmc.loader.impl.launch.knot.KnotClient.main(KnotClient.java:23) [fabric-loader-0.13.1.jar:?]
	at net.fabricmc.devlaunchinjector.Main.main(Main.java:86) [dev-launch-injector-0.2.1+build.8.jar:?]
[05:31:32] [Render thread/INFO] (Minecraft) Created: 1024x1024x4 minecraft:textures/atlas/blocks.png-atlas
[05:31:32] [Render thread/INFO] (Minecraft) Created: 256x128x4 minecraft:textures/atlas/signs.png-atlas
[05:31:32] [Render thread/INFO] (Minecraft) Created: 1024x512x4 minecraft:textures/atlas/banner_patterns.png-atlas
[05:31:32] [Render thread/INFO] (Minecraft) Created: 1024x512x4 minecraft:textures/atlas/shield_patterns.png-atlas
[05:31:32] [Render thread/INFO] (Minecraft) Created: 256x256x4 minecraft:textures/atlas/chest.png-atlas
[05:31:32] [Render thread/INFO] (Minecraft) Created: 512x256x4 minecraft:textures/atlas/beds.png-atlas
[05:31:32] [Render thread/INFO] (Minecraft) Created: 512x256x4 minecraft:textures/atlas/shulker_boxes.png-atlas
[05:31:34] [Render thread/INFO] (Minecraft) Created: 256x256x0 minecraft:textures/atlas/particles.png-atlas
[05:31:34] [Render thread/INFO] (Minecraft) Created: 256x256x0 minecraft:textures/atlas/paintings.png-atlas
[05:31:34] [Render thread/INFO] (Minecraft) Created: 256x128x0 minecraft:textures/atlas/mob_effects.png-atlas
[05:31:40] [Render thread/WARN] (Minecraft) Ambiguity between arguments [teleport, location] and [teleport, destination] with inputs: [0.1 -0.5 .9, 0 0 0]
[05:31:40] [Render thread/WARN] (Minecraft) Ambiguity between arguments [teleport, location] and [teleport, targets] with inputs: [0.1 -0.5 .9, 0 0 0]
[05:31:40] [Render thread/WARN] (Minecraft) Ambiguity between arguments [teleport, destination] and [teleport, targets] with inputs: [Player, 0123, @e, dd12be42-52a9-4a91-a8a1-11c01849e498]
[05:31:40] [Render thread/WARN] (Minecraft) Ambiguity between arguments [teleport, targets] and [teleport, destination] with inputs: [Player, 0123, dd12be42-52a9-4a91-a8a1-11c01849e498]
[05:31:40] [Render thread/WARN] (Minecraft) Ambiguity between arguments [teleport, targets, location] and [teleport, targets, destination] with inputs: [0.1 -0.5 .9, 0 0 0]
[05:31:40] [Render thread/INFO] (Minecraft) Reloading ResourceManager: Default, Fabric Mods (Fabric Tool Attribute API (v1), Fabric Game Test API (v1))
[05:31:41] [Render thread/INFO] (Minecraft) Loaded 7 recipes
[05:31:41] [Render thread/INFO] (Minecraft) Loaded 1141 advancements
[05:31:43] [Render thread/INFO] (Minecraft) Environment: authHost='https://authserver.mojang.com', accountsHost='https://api.mojang.com', sessionHost='https://sessionserver.mojang.com', servicesHost='https://api.minecraftservices.com', name='PROD'
[05:31:43] [Render thread/INFO] (BiomeModificationImpl) Applied 0 biome modifications to 0 of 61 new biomes in 5.389 ms
[05:31:43] [Server thread/INFO] (Minecraft) Starting integrated minecraft server version 1.18.1
[05:31:43] [Server thread/INFO] (Minecraft) Generating keypair
[05:31:44] [Server thread/INFO] (Minecraft) Preparing start region for dimension minecraft:overworld
[05:31:46] [Render thread/INFO] (Minecraft) Preparing spawn area: 0%
[05:31:46] [Render thread/INFO] (Minecraft) Preparing spawn area: 0%
[05:31:46] [Render thread/INFO] (Minecraft) Preparing spawn area: 0%
[05:31:46] [Render thread/INFO] (Minecraft) Preparing spawn area: 0%
[05:31:46] [Render thread/INFO] (Minecraft) Preparing spawn area: 0%
[05:31:46] [Render thread/INFO] (Minecraft) Preparing spawn area: 0%
[05:31:47] [Render thread/INFO] (Minecraft) Preparing spawn area: 0%
[05:31:47] [Render thread/INFO] (Minecraft) Preparing spawn area: 0%
[05:31:48] [Render thread/INFO] (Minecraft) Preparing spawn area: 0%
[05:31:48] [Render thread/INFO] (Minecraft) Preparing spawn area: 0%
[05:31:49] [Render thread/INFO] (Minecraft) Preparing spawn area: 5%
[05:31:49] [Render thread/INFO] (Minecraft) Preparing spawn area: 6%
[05:31:50] [Render thread/INFO] (Minecraft) Preparing spawn area: 20%
[05:31:50] [Render thread/INFO] (Minecraft) Preparing spawn area: 37%
[05:31:51] [Render thread/INFO] (Minecraft) Preparing spawn area: 51%
[05:31:51] [Render thread/INFO] (Minecraft) Preparing spawn area: 63%
[05:31:52] [Render thread/INFO] (Minecraft) Preparing spawn area: 85%
[05:31:52] [Render thread/INFO] (Minecraft) Preparing spawn area: 91%
[05:31:52] [Render thread/INFO] (Minecraft) Time elapsed: 8575 ms
[05:31:53] [Server thread/INFO] (Minecraft) Changing view distance to 12, from 10
[05:31:53] [Server thread/INFO] (Minecraft) Changing simulation distance to 12, from 0
[05:31:54] [Server thread/INFO] (Minecraft) Player355[local:E:dea7310c] logged in with entity id 86 at (-11.193833108118879, -60.0, 14.075672474218715)
[05:31:54] [Server thread/INFO] (Minecraft) Player355 joined the game
[05:31:56] [Render thread/INFO] (Minecraft) Loaded 0 advancements
[05:31:59] [Server thread/WARN] (Minecraft) Can't keep up! Is the server overloaded? Running 2044ms or 40 ticks behind
[05:32:04] [Server thread/INFO] (Minecraft) [Player355: Set own game mode to Creative Mode]
[05:32:04] [Render thread/INFO] (Minecraft) [CHAT] Set own game mode to Creative Mode
[05:32:10] [Server thread/INFO] (Minecraft) [Player355: Summoned new Iron Golem]
[05:32:10] [Render thread/INFO] (Minecraft) [CHAT] Summoned new Iron Golem
[05:32:18] [Render thread/INFO] (Minecraft) Loaded 21 advancements
[05:32:19] [Server thread/INFO] (Minecraft) Player355 has made the advancement [Acquire Hardware]
[05:32:19] [Render thread/INFO] (Minecraft) [CHAT] Player355 has made the advancement [Acquire Hardware]
[05:32:19] [Render thread/INFO] (Minecraft) Loaded 56 advancements
[05:32:19] [Render thread/INFO] (Minecraft) Loaded 57 advancements
[05:32:24] [Server thread/INFO] (Minecraft) Saving and pausing game...
[05:32:24] [Server thread/INFO] (Minecraft) Saving chunks for level 'ServerLevel[test]'/minecraft:overworld
[05:32:24] [Server thread/INFO] (Minecraft) Saving chunks for level 'ServerLevel[test]'/minecraft:the_nether
[05:32:24] [Server thread/INFO] (Minecraft) Saving chunks for level 'ServerLevel[test]'/minecraft:the_end
[05:32:25] [Server thread/INFO] (Minecraft) Player355 lost connection: Disconnected
[05:32:25] [Server thread/INFO] (Minecraft) Player355 left the game
[05:32:25] [Server thread/INFO] (Minecraft) Stopping singleplayer server as player logged out
[05:32:25] [Server thread/INFO] (Minecraft) Stopping server
[05:32:25] [Server thread/INFO] (Minecraft) Saving players
[05:32:25] [Server thread/INFO] (Minecraft) Saving worlds
[05:32:25] [Server thread/INFO] (Minecraft) Saving chunks for level 'ServerLevel[test]'/minecraft:overworld
[05:32:25] [Server thread/INFO] (Minecraft) Saving chunks for level 'ServerLevel[test]'/minecraft:the_nether
[05:32:25] [Server thread/INFO] (Minecraft) Saving chunks for level 'ServerLevel[test]'/minecraft:the_end
[05:32:25] [Server thread/INFO] (Minecraft) ThreadedAnvilChunkStorage (test): All chunks are saved
[05:32:25] [Server thread/INFO] (Minecraft) ThreadedAnvilChunkStorage (DIM-1): All chunks are saved
[05:32:25] [Server thread/INFO] (Minecraft) ThreadedAnvilChunkStorage (DIM1): All chunks are saved
[05:32:25] [Server thread/INFO] (Minecraft) ThreadedAnvilChunkStorage: All dimensions are saved
[05:32:26] [Render thread/INFO] (Minecraft) Stopping!
